[vibes.run]    run relaxation workflow with settings from relaxation.in

[relaxation]   ** /mnt/lustre/a2fs-work2/work/e05/e05/prakaya/chalcogenide_perovskites/redo/ternary/Ba2ZrS4_I4_mmm_light/relaxation/trajectory.son does not exist, nothing to prepare
[calculator]   Update aims k_grid with kpt density of 5 to [8, 8, 10]
[calculator]   .. add `sc_accuracy_rho: 1e-06` to parameters (default)
[calculator]   .. add `relativistic: atomic_zora scalar` to parameters (default)
[calculator]   .. add `output_level: MD_light` to parameters (default)
[calculator]   Add basisset `light` for atom `Ba` to basissets folder.
[calculator]   Add basisset `light` for atom `S` to basissets folder.
[calculator]   Add basisset `light` for atom `Zr` to basissets folder.
[calculator]   Calculator: aims
[calculator]   settings:
[calculator]     xc: pbesol
[calculator]     k_grid: [8, 8, 10]
[calculator]     sc_accuracy_rho: 1e-06
[calculator]     relativistic: atomic_zora scalar
[calculator]     output_level: MD_light
[calculator]     compute_forces: True
[calculator]     compute_analytical_stress: True
[calculator]     aims_command: /work/e05/e05/prakaya/chalcogenide_perovskites/run_aims.sh
[calculator]     species_dir: /mnt/lustre/a2fs-work2/work/e05/e05/prakaya/chalcogenide_perovskites/redo/ternary/Ba2ZrS4_I4_mmm_light/relaxation/basissets
[relaxation]   filter settings:
[relaxation]     hydrostatic_strain: False
[relaxation]     constant_volume: False
[relaxation]     scalar_pressure: 0.0
[relaxation]     mask: None
[relaxation]   driver: BFGS
[relaxation]   settings:
[relaxation]     type: optimization
[relaxation]     optimizer: BFGS
[relaxation]     maxstep: 0.2
[socketio]     Socketio not used with calculator aims
[relaxation]   filter settings:
[relaxation]     hydrostatic_strain: False
[relaxation]     constant_volume: False
[relaxation]     scalar_pressure: 0.0
[relaxation]     mask: None
[relaxation]   Start step 0
[relaxation]   Step 0 finished.
[relaxation]   .. residual force:  176.879 meV/AA
[relaxation]   .. residual stress: 3746.204 meV/AA**3
[vibes]        .. Space group:     I4/mmm (139)
[relaxation]   clean atoms before logging
[relaxation]   .. log
[relaxation]   Step 1 finished.
[relaxation]   .. residual force:  802.639 meV/AA
[relaxation]   .. residual stress: 10271.755 meV/AA**3
[vibes]        .. Space group:     I4/mmm (139)
[relaxation]   clean atoms before logging
[relaxation]   .. log
[relaxation]   Step 2 finished.
[relaxation]   .. residual force:  24.802 meV/AA
[relaxation]   .. residual stress: 640.158 meV/AA**3
[vibes]        .. Space group:     I4/mmm (139)
[relaxation]   clean atoms before logging
[relaxation]   .. log
[relaxation]   Step 3 finished.
[relaxation]   .. residual force:  69.818 meV/AA
[relaxation]   .. residual stress: 115.382 meV/AA**3
[vibes]        .. Space group:     I4/mmm (139)
[relaxation]   clean atoms before logging
[relaxation]   .. log
[relaxation]   Step 4 finished.
[relaxation]   .. residual force:  55.378 meV/AA
[relaxation]   .. residual stress: 83.664 meV/AA**3
[vibes]        .. Space group:     I4/mmm (139)
[relaxation]   clean atoms before logging
[relaxation]   .. log
[relaxation]   Step 5 finished.
[relaxation]   .. residual force:  45.242 meV/AA
[relaxation]   .. residual stress: 58.883 meV/AA**3
[vibes]        .. Space group:     I4/mmm (139)
[relaxation]   clean atoms before logging
[relaxation]   .. log
[relaxation]   Step 6 finished.
[relaxation]   .. residual force:  12.802 meV/AA
[relaxation]   .. residual stress: 2.622 meV/AA**3
[vibes]        .. Space group:     I4/mmm (139)
[relaxation]   clean atoms before logging
[relaxation]   .. log
[relaxation]   Step 7 finished.
[relaxation]   .. residual force:  11.309 meV/AA
[relaxation]   .. residual stress: 0.989 meV/AA**3
[vibes]        .. Space group:     I4/mmm (139)
[relaxation]   clean atoms before logging
[relaxation]   .. log
[relaxation]   Step 8 finished.
[relaxation]   .. residual force:  1.620 meV/AA
[relaxation]   .. residual stress: 3.089 meV/AA**3
[vibes]        .. Space group:     I4/mmm (139)
[relaxation]   clean atoms before logging
[relaxation]   .. log
[relaxation]   Step 9 finished.
[relaxation]   .. residual force:  0.274 meV/AA
[relaxation]   .. residual stress: 0.675 meV/AA**3
[vibes]        .. Space group:     I4/mmm (139)
[relaxation]   clean atoms before logging
[relaxation]   .. log
[relaxation]   Relaxation converged.
[relaxation]   done.
