[vibes.run]    run relaxation workflow with settings from relaxation.in

[relaxation]   ** /mnt/lustre/a2fs-work2/work/e05/e05/prakaya/chalcogenide_perovskites/redo/ternary/Ba6Zr5S16_I4_mmm_vibes_relax/relaxation/trajectory.son does not exist, nothing to prepare
[calculator]   Update aims k_grid with kpt density of 5 to [8, 8, 2]
[calculator]   .. add `sc_accuracy_rho: 1e-06` to parameters (default)
[calculator]   .. add `relativistic: atomic_zora scalar` to parameters (default)
[calculator]   .. add `output_level: MD_light` to parameters (default)
[calculator]   Add basisset `light` for atom `Ba` to basissets folder.
[calculator]   Add basisset `light` for atom `Zr` to basissets folder.
[calculator]   Add basisset `light` for atom `S` to basissets folder.
[calculator]   Calculator: aims
[calculator]   settings:
[calculator]     xc: pbesol
[calculator]     k_grid: [8, 8, 2]
[calculator]     sc_accuracy_rho: 1e-06
[calculator]     relativistic: atomic_zora scalar
[calculator]     output_level: MD_light
[calculator]     compute_forces: True
[calculator]     compute_analytical_stress: True
[calculator]     aims_command: /work/e05/e05/prakaya/chalcogenide_perovskites/run_aims.sh
[calculator]     species_dir: /mnt/lustre/a2fs-work2/work/e05/e05/prakaya/chalcogenide_perovskites/redo/ternary/Ba6Zr5S16_I4_mmm_vibes_relax/relaxation/basissets
[relaxation]   filter settings:
[relaxation]     hydrostatic_strain: False
[relaxation]     constant_volume: False
[relaxation]     scalar_pressure: 0.0
[relaxation]     mask: None
[relaxation]   driver: BFGS
[relaxation]   settings:
[relaxation]     type: optimization
[relaxation]     optimizer: BFGS
[relaxation]     maxstep: 0.2
[socketio]     Socketio not used with calculator aims
[relaxation]   filter settings:
[relaxation]     hydrostatic_strain: False
[relaxation]     constant_volume: False
[relaxation]     scalar_pressure: 0.0
[relaxation]     mask: None
[relaxation]   Start step 0
[relaxation]   Step 0 finished.
[relaxation]   .. residual force:  156.505 meV/AA
[relaxation]   .. residual stress: 11675.412 meV/AA**3
[vibes]        .. Space group:     I4/mmm (139)
[relaxation]   clean atoms before logging
[relaxation]   .. log
[relaxation]   Step 1 finished.
[relaxation]   .. residual force:  5811.309 meV/AA
[relaxation]   .. residual stress: 482583.828 meV/AA**3
[vibes]        .. Space group:     I4/mmm (139)
[relaxation]   clean atoms before logging
[relaxation]   .. log
[relaxation]   Step 2 finished.
[relaxation]   .. residual force:  128.694 meV/AA
[relaxation]   .. residual stress: 8025.361 meV/AA**3
[vibes]        .. Space group:     I4/mmm (139)
[relaxation]   clean atoms before logging
[relaxation]   .. log
[relaxation]   Step 3 finished.
[relaxation]   .. residual force:  1207.229 meV/AA
[relaxation]   .. residual stress: 60243.696 meV/AA**3
[vibes]        .. Space group:     I4/mmm (139)
[relaxation]   clean atoms before logging
[relaxation]   .. log
[relaxation]   Step 4 finished.
[relaxation]   .. residual force:  174.291 meV/AA
[relaxation]   .. residual stress: 2400.400 meV/AA**3
[vibes]        .. Space group:     I4/mmm (139)
[relaxation]   clean atoms before logging
[relaxation]   .. log
[relaxation]   Step 5 finished.
[relaxation]   .. residual force:  163.885 meV/AA
[relaxation]   .. residual stress: 841.633 meV/AA**3
[vibes]        .. Space group:     I4/mmm (139)
[relaxation]   clean atoms before logging
[relaxation]   .. log
[relaxation]   Step 6 finished.
[relaxation]   .. residual force:  117.189 meV/AA
[relaxation]   .. residual stress: 1157.976 meV/AA**3
[vibes]        .. Space group:     I4/mmm (139)
[relaxation]   clean atoms before logging
[relaxation]   .. log
* Message from file vibes/helpers/watchdogs.py, line 164, function __call__:
--> Watchdog: running out of time!

[relaxation]   restart
[restart]      Restart task with sbatch submit.sh
Submitted batch job 5882101
[vibes.run]    run relaxation workflow with settings from relaxation.in

[relaxation]   Resume relaxation from  /mnt/lustre/a2fs-work2/work/e05/e05/prakaya/chalcogenide_perovskites/redo/ternary/Ba6Zr5S16_I4_mmm_vibes_relax/relaxation/trajectory.son
[calculator]   Update aims k_grid with kpt density of 5 to [8, 8, 2]
[calculator]   .. add `sc_accuracy_rho: 1e-06` to parameters (default)
[calculator]   .. add `relativistic: atomic_zora scalar` to parameters (default)
[calculator]   .. add `output_level: MD_light` to parameters (default)
[calculator]   Add basisset `light` for atom `Ba` to basissets folder.
[calculator]   Add basisset `light` for atom `Zr` to basissets folder.
[calculator]   Add basisset `light` for atom `S` to basissets folder.
[calculator]   Calculator: aims
[calculator]   settings:
[calculator]     xc: pbesol
[calculator]     k_grid: [8, 8, 2]
[calculator]     sc_accuracy_rho: 1e-06
[calculator]     relativistic: atomic_zora scalar
[calculator]     output_level: MD_light
[calculator]     compute_forces: True
[calculator]     compute_analytical_stress: True
[calculator]     aims_command: /work/e05/e05/prakaya/chalcogenide_perovskites/run_aims.sh
[calculator]     species_dir: /mnt/lustre/a2fs-work2/work/e05/e05/prakaya/chalcogenide_perovskites/redo/ternary/Ba6Zr5S16_I4_mmm_vibes_relax/relaxation/basissets
[relaxation]   filter settings:
[relaxation]     hydrostatic_strain: False
[relaxation]     constant_volume: False
[relaxation]     scalar_pressure: 0.0
[relaxation]     mask: None
[relaxation]   driver: BFGS
[relaxation]   settings:
[relaxation]     type: optimization
[relaxation]     optimizer: BFGS
[relaxation]     maxstep: 0.2
[socketio]     Socketio not used with calculator aims
[relaxation]   filter settings:
[relaxation]     hydrostatic_strain: False
[relaxation]     constant_volume: False
[relaxation]     scalar_pressure: 0.0
[relaxation]     mask: None
[relaxation]   Restart optimizer from bfgs.restart.
[relaxation]   Start step 0
[relaxation]   Step 0 finished.
[relaxation]   .. residual force:  118.178 meV/AA
[relaxation]   .. residual stress: 1157.976 meV/AA**3
[vibes]        .. Space group:     I4/mmm (139)
[relaxation]   clean atoms before logging
[relaxation]   .. log
[relaxation]   Step 1 finished.
[relaxation]   .. residual force:  437.102 meV/AA
[relaxation]   .. residual stress: 5692.333 meV/AA**3
[vibes]        .. Space group:     I4/mmm (139)
[relaxation]   clean atoms before logging
[relaxation]   .. log
[relaxation]   Step 2 finished.
[relaxation]   .. residual force:  93.324 meV/AA
[relaxation]   .. residual stress: 669.569 meV/AA**3
[vibes]        .. Space group:     I4/mmm (139)
[relaxation]   clean atoms before logging
[relaxation]   .. log
[relaxation]   Step 3 finished.
[relaxation]   .. residual force:  93.769 meV/AA
[relaxation]   .. residual stress: 732.207 meV/AA**3
[vibes]        .. Space group:     I4/mmm (139)
[relaxation]   clean atoms before logging
[relaxation]   .. log
[relaxation]   Step 4 finished.
[relaxation]   .. residual force:  72.008 meV/AA
[relaxation]   .. residual stress: 264.021 meV/AA**3
[vibes]        .. Space group:     I4/mmm (139)
[relaxation]   clean atoms before logging
[relaxation]   .. log
[relaxation]   Step 5 finished.
[relaxation]   .. residual force:  48.710 meV/AA
[relaxation]   .. residual stress: 77.501 meV/AA**3
[vibes]        .. Space group:     I4/mmm (139)
[relaxation]   clean atoms before logging
[relaxation]   .. log
[relaxation]   Step 6 finished.
[relaxation]   .. residual force:  28.853 meV/AA
[relaxation]   .. residual stress: 292.757 meV/AA**3
[vibes]        .. Space group:     I4/mmm (139)
[relaxation]   clean atoms before logging
[relaxation]   .. log
[relaxation]   Step 7 finished.
[relaxation]   .. residual force:  30.810 meV/AA
[relaxation]   .. residual stress: 200.014 meV/AA**3
[vibes]        .. Space group:     I4/mmm (139)
[relaxation]   clean atoms before logging
[relaxation]   .. log
* Message from file vibes/helpers/watchdogs.py, line 164, function __call__:
--> Watchdog: running out of time!

[relaxation]   restart
[restart]      Restart task with sbatch submit.sh
Submitted batch job 5882381
[vibes.run]    run relaxation workflow with settings from relaxation.in

[relaxation]   Resume relaxation from  /mnt/lustre/a2fs-work2/work/e05/e05/prakaya/chalcogenide_perovskites/redo/ternary/Ba6Zr5S16_I4_mmm_vibes_relax/relaxation/trajectory.son
[calculator]   Update aims k_grid with kpt density of 5 to [8, 8, 2]
[calculator]   .. add `sc_accuracy_rho: 1e-06` to parameters (default)
[calculator]   .. add `relativistic: atomic_zora scalar` to parameters (default)
[calculator]   .. add `output_level: MD_light` to parameters (default)
[calculator]   Add basisset `light` for atom `Ba` to basissets folder.
[calculator]   Add basisset `light` for atom `Zr` to basissets folder.
[calculator]   Add basisset `light` for atom `S` to basissets folder.
[calculator]   Calculator: aims
[calculator]   settings:
[calculator]     xc: pbesol
[calculator]     k_grid: [8, 8, 2]
[calculator]     sc_accuracy_rho: 1e-06
[calculator]     relativistic: atomic_zora scalar
[calculator]     output_level: MD_light
[calculator]     compute_forces: True
[calculator]     compute_analytical_stress: True
[calculator]     aims_command: /work/e05/e05/prakaya/chalcogenide_perovskites/run_aims.sh
[calculator]     species_dir: /mnt/lustre/a2fs-work2/work/e05/e05/prakaya/chalcogenide_perovskites/redo/ternary/Ba6Zr5S16_I4_mmm_vibes_relax/relaxation/basissets
[relaxation]   filter settings:
[relaxation]     hydrostatic_strain: False
[relaxation]     constant_volume: False
[relaxation]     scalar_pressure: 0.0
[relaxation]     mask: None
[relaxation]   driver: BFGS
[relaxation]   settings:
[relaxation]     type: optimization
[relaxation]     optimizer: BFGS
[relaxation]     maxstep: 0.2
[socketio]     Socketio not used with calculator aims
[relaxation]   filter settings:
[relaxation]     hydrostatic_strain: False
[relaxation]     constant_volume: False
[relaxation]     scalar_pressure: 0.0
[relaxation]     mask: None
[relaxation]   Restart optimizer from bfgs.restart.
[relaxation]   Start step 0
[relaxation]   Step 0 finished.
[relaxation]   .. residual force:  30.827 meV/AA
[relaxation]   .. residual stress: 200.021 meV/AA**3
[vibes]        .. Space group:     I4/mmm (139)
[relaxation]   clean atoms before logging
[relaxation]   .. log
[relaxation]   Step 1 finished.
[relaxation]   .. residual force:  177.500 meV/AA
[relaxation]   .. residual stress: 1599.547 meV/AA**3
[vibes]        .. Space group:     I4/mmm (139)
[relaxation]   clean atoms before logging
[relaxation]   .. log
[relaxation]   Step 2 finished.
[relaxation]   .. residual force:  28.083 meV/AA
[relaxation]   .. residual stress: 37.295 meV/AA**3
[vibes]        .. Space group:     I4/mmm (139)
[relaxation]   clean atoms before logging
[relaxation]   .. log
[relaxation]   Step 3 finished.
[relaxation]   .. residual force:  25.308 meV/AA
[relaxation]   .. residual stress: 42.116 meV/AA**3
[vibes]        .. Space group:     I4/mmm (139)
[relaxation]   clean atoms before logging
[relaxation]   .. log
[relaxation]   Step 4 finished.
[relaxation]   .. residual force:  14.289 meV/AA
[relaxation]   .. residual stress: 248.841 meV/AA**3
[vibes]        .. Space group:     I4/mmm (139)
[relaxation]   clean atoms before logging
[relaxation]   .. log
[relaxation]   Step 5 finished.
[relaxation]   .. residual force:  16.431 meV/AA
[relaxation]   .. residual stress: 129.905 meV/AA**3
[vibes]        .. Space group:     I4/mmm (139)
[relaxation]   clean atoms before logging
[relaxation]   .. log
[relaxation]   Step 6 finished.
[relaxation]   .. residual force:  16.353 meV/AA
[relaxation]   .. residual stress: 70.690 meV/AA**3
[vibes]        .. Space group:     I4/mmm (139)
[relaxation]   clean atoms before logging
[relaxation]   .. log
[relaxation]   Step 7 finished.
[relaxation]   .. residual force:  14.114 meV/AA
[relaxation]   .. residual stress: 126.878 meV/AA**3
[vibes]        .. Space group:     I4/mmm (139)
[relaxation]   clean atoms before logging
[relaxation]   .. log
* Message from file vibes/helpers/watchdogs.py, line 164, function __call__:
--> Watchdog: running out of time!

[relaxation]   restart
[restart]      Restart task with sbatch submit.sh
Submitted batch job 5882458
[vibes.run]    run relaxation workflow with settings from relaxation.in

[relaxation]   Resume relaxation from  /mnt/lustre/a2fs-work2/work/e05/e05/prakaya/chalcogenide_perovskites/redo/ternary/Ba6Zr5S16_I4_mmm_vibes_relax/relaxation/trajectory.son
[calculator]   Update aims k_grid with kpt density of 5 to [8, 8, 2]
[calculator]   .. add `sc_accuracy_rho: 1e-06` to parameters (default)
[calculator]   .. add `relativistic: atomic_zora scalar` to parameters (default)
[calculator]   .. add `output_level: MD_light` to parameters (default)
[calculator]   Add basisset `light` for atom `Ba` to basissets folder.
[calculator]   Add basisset `light` for atom `Zr` to basissets folder.
[calculator]   Add basisset `light` for atom `S` to basissets folder.
[calculator]   Calculator: aims
[calculator]   settings:
[calculator]     xc: pbesol
[calculator]     k_grid: [8, 8, 2]
[calculator]     sc_accuracy_rho: 1e-06
[calculator]     relativistic: atomic_zora scalar
[calculator]     output_level: MD_light
[calculator]     compute_forces: True
[calculator]     compute_analytical_stress: True
[calculator]     aims_command: /work/e05/e05/prakaya/chalcogenide_perovskites/run_aims.sh
[calculator]     species_dir: /mnt/lustre/a2fs-work2/work/e05/e05/prakaya/chalcogenide_perovskites/redo/ternary/Ba6Zr5S16_I4_mmm_vibes_relax/relaxation/basissets
[relaxation]   filter settings:
[relaxation]     hydrostatic_strain: False
[relaxation]     constant_volume: False
[relaxation]     scalar_pressure: 0.0
[relaxation]     mask: None
[relaxation]   driver: BFGS
[relaxation]   settings:
[relaxation]     type: optimization
[relaxation]     optimizer: BFGS
[relaxation]     maxstep: 0.2
[socketio]     Socketio not used with calculator aims
[relaxation]   filter settings:
[relaxation]     hydrostatic_strain: False
[relaxation]     constant_volume: False
[relaxation]     scalar_pressure: 0.0
[relaxation]     mask: None
[relaxation]   Restart optimizer from bfgs.restart.
[relaxation]   Start step 0
[relaxation]   Step 0 finished.
[relaxation]   .. residual force:  14.109 meV/AA
[relaxation]   .. residual stress: 126.878 meV/AA**3
[vibes]        .. Space group:     I4/mmm (139)
[relaxation]   clean atoms before logging
[relaxation]   .. log
[relaxation]   Step 1 finished.
[relaxation]   .. residual force:  7.877 meV/AA
[relaxation]   .. residual stress: 135.410 meV/AA**3
[vibes]        .. Space group:     I4/mmm (139)
[relaxation]   clean atoms before logging
[relaxation]   .. log
[relaxation]   Step 2 finished.
[relaxation]   .. residual force:  7.057 meV/AA
[relaxation]   .. residual stress: 65.524 meV/AA**3
[vibes]        .. Space group:     I4/mmm (139)
[relaxation]   clean atoms before logging
[relaxation]   .. log
[relaxation]   Step 3 finished.
[relaxation]   .. residual force:  5.177 meV/AA
[relaxation]   .. residual stress: 4.137 meV/AA**3
[vibes]        .. Space group:     I4/mmm (139)
[relaxation]   clean atoms before logging
[relaxation]   .. log
[relaxation]   Step 4 finished.
[relaxation]   .. residual force:  2.652 meV/AA
[relaxation]   .. residual stress: 12.726 meV/AA**3
[vibes]        .. Space group:     I4/mmm (139)
[relaxation]   clean atoms before logging
[relaxation]   .. log
[relaxation]   Step 5 finished.
[relaxation]   .. residual force:  1.625 meV/AA
[relaxation]   .. residual stress: 7.849 meV/AA**3
[vibes]        .. Space group:     I4/mmm (139)
[relaxation]   clean atoms before logging
[relaxation]   .. log
[relaxation]   Step 6 finished.
[relaxation]   .. residual force:  1.104 meV/AA
[relaxation]   .. residual stress: 1.671 meV/AA**3
[vibes]        .. Space group:     I4/mmm (139)
[relaxation]   clean atoms before logging
[relaxation]   .. log
[relaxation]   Step 7 finished.
[relaxation]   .. residual force:  0.906 meV/AA
[relaxation]   .. residual stress: 7.082 meV/AA**3
[vibes]        .. Space group:     I4/mmm (139)
[relaxation]   clean atoms before logging
[relaxation]   .. log
[relaxation]   Step 8 finished.
[relaxation]   .. residual force:  0.617 meV/AA
[relaxation]   .. residual stress: 6.617 meV/AA**3
[vibes]        .. Space group:     I4/mmm (139)
[relaxation]   clean atoms before logging
[relaxation]   .. log
* Message from file vibes/helpers/watchdogs.py, line 164, function __call__:
--> Watchdog: running out of time!

[relaxation]   restart
[restart]      Restart task with sbatch submit.sh
Submitted batch job 5882582
[vibes.run]    run relaxation workflow with settings from relaxation.in

[relaxation]   Resume relaxation from  /mnt/lustre/a2fs-work2/work/e05/e05/prakaya/chalcogenide_perovskites/redo/ternary/Ba6Zr5S16_I4_mmm_vibes_relax/relaxation/trajectory.son
[calculator]   Update aims k_grid with kpt density of 5 to [8, 8, 2]
[calculator]   .. add `sc_accuracy_rho: 1e-06` to parameters (default)
[calculator]   .. add `relativistic: atomic_zora scalar` to parameters (default)
[calculator]   .. add `output_level: MD_light` to parameters (default)
[calculator]   Add basisset `light` for atom `Ba` to basissets folder.
[calculator]   Add basisset `light` for atom `Zr` to basissets folder.
[calculator]   Add basisset `light` for atom `S` to basissets folder.
[calculator]   Calculator: aims
[calculator]   settings:
[calculator]     xc: pbesol
[calculator]     k_grid: [8, 8, 2]
[calculator]     sc_accuracy_rho: 1e-06
[calculator]     relativistic: atomic_zora scalar
[calculator]     output_level: MD_light
[calculator]     compute_forces: True
[calculator]     compute_analytical_stress: True
[calculator]     aims_command: /work/e05/e05/prakaya/chalcogenide_perovskites/run_aims.sh
[calculator]     species_dir: /mnt/lustre/a2fs-work2/work/e05/e05/prakaya/chalcogenide_perovskites/redo/ternary/Ba6Zr5S16_I4_mmm_vibes_relax/relaxation/basissets
[relaxation]   filter settings:
[relaxation]     hydrostatic_strain: False
[relaxation]     constant_volume: False
[relaxation]     scalar_pressure: 0.0
[relaxation]     mask: None
[relaxation]   driver: BFGS
[relaxation]   settings:
[relaxation]     type: optimization
[relaxation]     optimizer: BFGS
[relaxation]     maxstep: 0.2
[socketio]     Socketio not used with calculator aims
[relaxation]   filter settings:
[relaxation]     hydrostatic_strain: False
[relaxation]     constant_volume: False
[relaxation]     scalar_pressure: 0.0
[relaxation]     mask: None
[relaxation]   Restart optimizer from bfgs.restart.
[relaxation]   Start step 0
[relaxation]   Step 0 finished.
[relaxation]   .. residual force:  0.617 meV/AA
[relaxation]   .. residual stress: 6.603 meV/AA**3
[vibes]        .. Space group:     I4/mmm (139)
[relaxation]   clean atoms before logging
[relaxation]   .. log
[relaxation]   Step 1 finished.
[relaxation]   .. residual force:  4.266 meV/AA
[relaxation]   .. residual stress: 317.496 meV/AA**3
[vibes]        .. Space group:     I4/mmm (139)
[relaxation]   clean atoms before logging
[relaxation]   .. log
[relaxation]   Step 2 finished.
[relaxation]   .. residual force:  0.478 meV/AA
[relaxation]   .. residual stress: 3.192 meV/AA**3
[vibes]        .. Space group:     I4/mmm (139)
[relaxation]   clean atoms before logging
[relaxation]   .. log
[relaxation]   Step 3 finished.
[relaxation]   .. residual force:  0.499 meV/AA
[relaxation]   .. residual stress: 2.178 meV/AA**3
[vibes]        .. Space group:     I4/mmm (139)
[relaxation]   clean atoms before logging
[relaxation]   .. log
[relaxation]   Step 4 finished.
[relaxation]   .. residual force:  0.571 meV/AA
[relaxation]   .. residual stress: 5.644 meV/AA**3
[vibes]        .. Space group:     I4/mmm (139)
[relaxation]   clean atoms before logging
[relaxation]   .. log
[relaxation]   Step 5 finished.
[relaxation]   .. residual force:  0.413 meV/AA
[relaxation]   .. residual stress: 3.932 meV/AA**3
[vibes]        .. Space group:     I4/mmm (139)
[relaxation]   clean atoms before logging
[relaxation]   .. log
[relaxation]   Step 6 finished.
[relaxation]   .. residual force:  0.287 meV/AA
[relaxation]   .. residual stress: 0.603 meV/AA**3
[vibes]        .. Space group:     I4/mmm (139)
[relaxation]   clean atoms before logging
[relaxation]   .. log
[relaxation]   Relaxation converged.
[relaxation]   done.
