
Lmod is automatically replacing "cce/15.0.0" with "gcc/11.2.0".


Due to MODULEPATH changes, the following have been reloaded:
  1) cray-mpich/8.1.23

/mnt/lustre/a2fs-work2/work/e05/e05/prakaya/fhi-vibes/lib/python3.9/site-packages/ase/utils/__init__.py:62: FutureWarning: Please use atoms.cell.reciprocal()
  warnings.warn(warning)
Lmod has detected the following error: The following module(s) are unknown:
"cpe/21.09"

Please check the spelling or version number. Also try "module spider ..."
It is also possible your cache file is out-of-date; it may help to try:
  $ module --ignore-cache load "cpe/21.09"

Also make sure that all modulefiles written in TCL start with the string
#%Module



Lmod has detected the following error: Swap failed: "PrgEnv-cray" is not
loaded.



Lmod has detected the following error: The following module(s) are unknown:
"cpe/21.09"

Please check the spelling or version number. Also try "module spider ..."
It is also possible your cache file is out-of-date; it may help to try:
  $ module --ignore-cache load "cpe/21.09"

Also make sure that all modulefiles written in TCL start with the string
#%Module



Lmod has detected the following error: Swap failed: "PrgEnv-cray" is not
loaded.



Lmod has detected the following error: The following module(s) are unknown:
"cpe/21.09"

Please check the spelling or version number. Also try "module spider ..."
It is also possible your cache file is out-of-date; it may help to try:
  $ module --ignore-cache load "cpe/21.09"

Also make sure that all modulefiles written in TCL start with the string
#%Module



Lmod has detected the following error: Swap failed: "PrgEnv-cray" is not
loaded.



Lmod has detected the following error: The following module(s) are unknown:
"cpe/21.09"

Please check the spelling or version number. Also try "module spider ..."
It is also possible your cache file is out-of-date; it may help to try:
  $ module --ignore-cache load "cpe/21.09"

Also make sure that all modulefiles written in TCL start with the string
#%Module



Lmod has detected the following error: Swap failed: "PrgEnv-cray" is not
loaded.



Lmod has detected the following error: The following module(s) are unknown:
"cpe/21.09"

Please check the spelling or version number. Also try "module spider ..."
It is also possible your cache file is out-of-date; it may help to try:
  $ module --ignore-cache load "cpe/21.09"

Also make sure that all modulefiles written in TCL start with the string
#%Module



Lmod has detected the following error: Swap failed: "PrgEnv-cray" is not
loaded.



Lmod has detected the following error: The following module(s) are unknown:
"cpe/21.09"

Please check the spelling or version number. Also try "module spider ..."
It is also possible your cache file is out-of-date; it may help to try:
  $ module --ignore-cache load "cpe/21.09"

Also make sure that all modulefiles written in TCL start with the string
#%Module



Lmod has detected the following error: Swap failed: "PrgEnv-cray" is not
loaded.



Lmod has detected the following error: The following module(s) are unknown:
"cpe/21.09"

Please check the spelling or version number. Also try "module spider ..."
It is also possible your cache file is out-of-date; it may help to try:
  $ module --ignore-cache load "cpe/21.09"

Also make sure that all modulefiles written in TCL start with the string
#%Module



Lmod has detected the following error: Swap failed: "PrgEnv-cray" is not
loaded.



Lmod has detected the following error: The following module(s) are unknown:
"cpe/21.09"

Please check the spelling or version number. Also try "module spider ..."
It is also possible your cache file is out-of-date; it may help to try:
  $ module --ignore-cache load "cpe/21.09"

Also make sure that all modulefiles written in TCL start with the string
#%Module



Lmod has detected the following error: Swap failed: "PrgEnv-cray" is not
loaded.



