      Step     Time          Energy         fmax
BFGS:    0 16:51:06 -4035664.756556       11.6754
BFGS:    1 16:55:05 -4035574.412600      482.5838
BFGS:    2 16:56:54 -4035664.856307        8.0254
BFGS:    3 16:58:47 -4035662.766034       60.2437
BFGS:    4 17:00:30 -4035664.888100        2.4004
BFGS:    5 17:02:36 -4035664.895687        0.8416
      Step     Time          Energy         fmax
BFGS:    0 17:07:17 -4035664.904476        1.1580
BFGS:    1 17:09:05 -4035664.833004        5.6923
BFGS:    2 17:10:52 -4035664.906679        0.6696
BFGS:    3 17:12:39 -4035664.908752        0.7322
BFGS:    4 17:14:32 -4035664.916012        0.2640
BFGS:    5 17:16:17 -4035664.916583        0.0775
BFGS:    6 17:18:04 -4035664.917581        0.2928
      Step     Time          Energy         fmax
BFGS:    0 17:22:45 -4035664.918500        0.2000
BFGS:    1 17:24:45 -4035664.913082        1.5995
BFGS:    2 17:26:32 -4035664.919456        0.0373
BFGS:    3 17:28:29 -4035664.919897        0.0421
BFGS:    4 17:30:17 -4035664.921872        0.2488
BFGS:    5 17:32:03 -4035664.921923        0.1299
BFGS:    6 17:33:46 -4035664.921885        0.0707
      Step     Time          Energy         fmax
BFGS:    0 17:37:55 -4035664.921917        0.1269
BFGS:    1 17:39:42 -4035664.922145        0.1354
BFGS:    2 17:41:31 -4035664.922316        0.0655
BFGS:    3 17:43:15 -4035664.922428        0.0052
BFGS:    4 17:45:11 -4035664.922461        0.0127
BFGS:    5 17:46:55 -4035664.922466        0.0078
BFGS:    6 17:48:42 -4035664.922459        0.0017
BFGS:    7 17:50:25 -4035664.922450        0.0071
      Step     Time          Energy         fmax
BFGS:    0 17:54:40 -4035664.922445        0.0066
BFGS:    1 17:56:24 -4035664.923041        0.3175
BFGS:    2 17:58:11 -4035664.922447        0.0032
BFGS:    3 17:59:59 -4035664.922445        0.0022
BFGS:    4 18:01:43 -4035664.922418        0.0056
BFGS:    5 18:03:37 -4035664.922423        0.0039
BFGS:    6 18:05:25 -4035664.922423        0.0006
