# Walltime Watchdog 
#   walltime:     1060s
#   buffer steps: 2
# Time                  n_call  increment buffer_time  time_left    elapsed
2024/03/15 09:31:49          0       79.8      159.5     1060.2       79.8
2024/03/15 09:32:49          1       69.9      139.9     1000.1      139.9
2024/03/15 09:33:24          2       58.3      116.6      965.1      174.9
2024/03/15 09:34:02          3       53.1      106.2      927.5      212.5
2024/03/15 09:34:39          4       49.8       99.7      890.8      249.2
2024/03/15 09:35:17          5       47.8       95.7      853.0      287.0
2024/03/15 09:35:52          6       46.0       92.0      817.9      322.1
2024/03/15 09:36:28          7       44.8       89.6      781.5      358.5
2024/03/15 09:37:06          8       44.1       88.1      743.4      396.6
2024/03/15 09:37:42          9       39.2       78.4      707.6      432.4
2024/03/15 09:38:18         10       36.5       73.1      671.4      468.6
2024/03/15 09:38:55         11       36.8       73.5      634.3      505.7
2024/03/15 09:39:31         12       36.6       73.2      598.3      541.7
2024/03/15 09:40:08         13       36.5       73.1      562.0      578.0
2024/03/15 09:40:43         14       36.3       72.5      526.5      613.5
2024/03/15 09:41:19         15       36.4       72.8      490.4      649.6
2024/03/15 09:41:57         16       36.6       73.1      452.5      687.5
2024/03/15 09:42:33         17       36.4       72.7      416.2      723.8
2024/03/15 09:43:11         18       36.5       73.0      379.0      761.0
2024/03/15 09:43:47         19       36.5       73.1      342.5      797.5
2024/03/15 09:44:22         20       36.3       72.6      307.4      832.6
2024/03/15 09:44:57         21       36.2       72.4      272.3      867.7
2024/03/15 09:45:32         22       36.1       72.2      237.3      902.7
2024/03/15 09:46:07         23       36.0       72.1      202.3      937.7
2024/03/15 09:46:44         24       36.0       72.1      165.9      974.1
2024/03/15 09:47:21         25       36.0       72.1      128.2     1011.8
