[vibes.run]    run relaxation workflow with settings from relaxation.in

[relaxation]   ** /mnt/lustre/a2fs-work2/work/e05/e05/prakaya/chalcogenide_perovskites/redo/ternary/Ba11Zr10S31_I4_mmm_light/relaxation/trajectory.son does not exist, nothing to prepare
[calculator]   Update aims k_grid with kpt density of 5 to [8, 8, 2]
[calculator]   .. add `sc_accuracy_rho: 1e-06` to parameters (default)
[calculator]   .. add `relativistic: atomic_zora scalar` to parameters (default)
[calculator]   .. add `output_level: MD_light` to parameters (default)
[calculator]   Add basisset `light` for atom `Ba` to basissets folder.
[calculator]   Add basisset `light` for atom `Zr` to basissets folder.
[calculator]   Add basisset `light` for atom `S` to basissets folder.
[calculator]   Calculator: aims
[calculator]   settings:
[calculator]     xc: pbesol
[calculator]     k_grid: [8, 8, 2]
[calculator]     sc_accuracy_rho: 1e-06
[calculator]     relativistic: atomic_zora scalar
[calculator]     output_level: MD_light
[calculator]     compute_forces: True
[calculator]     compute_analytical_stress: True
[calculator]     aims_command: /work/e05/e05/prakaya/chalcogenide_perovskites/run_aims.sh
[calculator]     species_dir: /mnt/lustre/a2fs-work2/work/e05/e05/prakaya/chalcogenide_perovskites/redo/ternary/Ba11Zr10S31_I4_mmm_light/relaxation/basissets
[relaxation]   filter settings:
[relaxation]     hydrostatic_strain: False
[relaxation]     constant_volume: False
[relaxation]     scalar_pressure: 0.0
[relaxation]     mask: None
[relaxation]   driver: BFGS
[relaxation]   settings:
[relaxation]     type: optimization
[relaxation]     optimizer: BFGS
[relaxation]     maxstep: 0.2
[socketio]     Socketio not used with calculator aims
[relaxation]   filter settings:
[relaxation]     hydrostatic_strain: False
[relaxation]     constant_volume: False
[relaxation]     scalar_pressure: 0.0
[relaxation]     mask: None
[relaxation]   Start step 0
[relaxation]   Step 0 finished.
[relaxation]   .. residual force:  5206.672 meV/AA
[relaxation]   .. residual stress: 35363.449 meV/AA**3
[vibes]        .. Space group:     I4mm (107)
[relaxation]   clean atoms before logging
[relaxation]   .. log
* Message from file vibes/helpers/watchdogs.py, line 164, function __call__:
--> Watchdog: running out of time!

[relaxation]   restart
[restart]      Restart task with sbatch submit.sh
Submitted batch job 5931229
[vibes.run]    run relaxation workflow with settings from relaxation.in

[relaxation]   Resume relaxation from  /mnt/lustre/a2fs-work2/work/e05/e05/prakaya/chalcogenide_perovskites/redo/ternary/Ba11Zr10S31_I4_mmm_light/relaxation/trajectory.son
[calculator]   Update aims k_grid with kpt density of 5 to [8, 8, 2]
[calculator]   .. add `sc_accuracy_rho: 1e-06` to parameters (default)
[calculator]   .. add `relativistic: atomic_zora scalar` to parameters (default)
[calculator]   .. add `output_level: MD_light` to parameters (default)
[calculator]   Add basisset `light` for atom `Ba` to basissets folder.
[calculator]   Add basisset `light` for atom `Zr` to basissets folder.
[calculator]   Add basisset `light` for atom `S` to basissets folder.
[calculator]   Calculator: aims
[calculator]   settings:
[calculator]     xc: pbesol
[calculator]     k_grid: [8, 8, 2]
[calculator]     sc_accuracy_rho: 1e-06
[calculator]     relativistic: atomic_zora scalar
[calculator]     output_level: MD_light
[calculator]     compute_forces: True
[calculator]     compute_analytical_stress: True
[calculator]     aims_command: /work/e05/e05/prakaya/chalcogenide_perovskites/run_aims.sh
[calculator]     species_dir: /mnt/lustre/a2fs-work2/work/e05/e05/prakaya/chalcogenide_perovskites/redo/ternary/Ba11Zr10S31_I4_mmm_light/relaxation/basissets
[relaxation]   filter settings:
[relaxation]     hydrostatic_strain: False
[relaxation]     constant_volume: False
[relaxation]     scalar_pressure: 0.0
[relaxation]     mask: None
[relaxation]   driver: BFGS
[relaxation]   settings:
[relaxation]     type: optimization
[relaxation]     optimizer: BFGS
[relaxation]     maxstep: 0.2
[socketio]     Socketio not used with calculator aims
[relaxation]   filter settings:
[relaxation]     hydrostatic_strain: False
[relaxation]     constant_volume: False
[relaxation]     scalar_pressure: 0.0
[relaxation]     mask: None
