      Step     Time          Energy         fmax
BFGS:    0 07:13:36 -3322902.438153        9.8888
BFGS:    1 07:17:14 -3322853.135637      312.1820
BFGS:    2 07:18:25 -3322902.532531        6.0992
BFGS:    3 07:19:44 -3322901.647288       33.3531
BFGS:    4 07:21:04 -3322902.558729        1.4191
BFGS:    5 07:22:16 -3322902.565113        0.4093
BFGS:    6 07:23:25 -3322902.576397        1.3449
BFGS:    7 07:24:34 -3322902.580840        1.4172
BFGS:    8 07:25:47 -3322902.585620        0.6027
BFGS:    9 07:27:02 -3322902.587155        0.1240
      Step     Time          Energy         fmax
BFGS:    0 07:31:33 -3322902.588638        0.6275
BFGS:    1 07:32:45 -3322902.522930        6.3795
BFGS:    2 07:33:53 -3322902.589678        0.5822
BFGS:    3 07:35:07 -3322902.590693        0.3536
BFGS:    4 07:36:17 -3322902.593163        0.2277
BFGS:    5 07:37:29 -3322902.593475        0.2468
BFGS:    6 07:38:37 -3322902.594090        0.1150
BFGS:    7 07:39:47 -3322902.594035        0.0217
BFGS:    8 07:41:02 -3322902.593940        0.0668
BFGS:    9 07:42:13 -3322902.593961        0.0673
BFGS:   10 07:43:22 -3322902.594060        0.0314
BFGS:   11 07:44:35 -3322902.594188        0.0112
      Step     Time          Energy         fmax
BFGS:    0 07:48:19 -3322902.594302        0.0388
BFGS:    1 07:49:37 -3322902.593732        0.2414
BFGS:    2 07:50:49 -3322902.594270        0.0058
BFGS:    3 07:51:58 -3322902.594276        0.0043
BFGS:    4 07:53:14 -3322902.594280        0.0013
BFGS:    5 07:54:23 -3322902.594280        0.0016
BFGS:    6 07:55:32 -3322902.594273        0.0037
BFGS:    7 07:56:50 -3322902.594265        0.0035
BFGS:    8 07:58:10 -3322902.594260        0.0023
BFGS:    9 07:59:25 -3322902.594256        0.0010
BFGS:   10 08:00:33 -3322902.594248        0.0009
