      Step     Time          Energy         fmax
BFGS:    0 09:31:49 -1305069.910226        8.5446
BFGS:    1 09:32:50 -1305058.116679       91.1938
BFGS:    2 09:33:24 -1305070.095964        3.7988
BFGS:    3 09:34:02 -1305070.078738        3.2311
BFGS:    4 09:34:39 -1305070.121962        0.2749
BFGS:    5 09:35:17 -1305070.121929        0.0717
BFGS:    6 09:35:52 -1305070.122181        0.1199
BFGS:    7 09:36:28 -1305070.122663        0.1294
BFGS:    8 09:37:06 -1305070.122982        0.0520
BFGS:    9 09:37:42 -1305070.123209        0.0234
BFGS:   10 09:38:18 -1305070.123314        0.0476
BFGS:   11 09:38:55 -1305070.123313        0.0301
BFGS:   12 09:39:31 -1305070.123282        0.0084
BFGS:   13 09:40:08 -1305070.123261        0.0137
BFGS:   14 09:40:43 -1305070.123257        0.0232
BFGS:   15 09:41:19 -1305070.123279        0.0178
BFGS:   16 09:41:57 -1305070.123307        0.0062
BFGS:   17 09:42:33 -1305070.123327        0.0061
BFGS:   18 09:43:11 -1305070.123330        0.0087
BFGS:   19 09:43:47 -1305070.123323        0.0048
BFGS:   20 09:44:22 -1305070.123316        0.0015
BFGS:   21 09:44:57 -1305070.123310        0.0058
BFGS:   22 09:45:32 -1305070.123311        0.0103
BFGS:   23 09:46:07 -1305070.123323        0.0096
BFGS:   24 09:46:44 -1305070.123339        0.0042
BFGS:   25 09:47:21 -1305070.123346        0.0007
