# Walltime Watchdog 
#   walltime:     1075s
#   buffer steps: 2
# Time                  n_call  increment buffer_time  time_left    elapsed
2024/03/15 09:20:14          0       65.0      130.0     1075.0       65.0
2024/03/15 09:20:52          1       51.4      102.8     1037.2      102.8
2024/03/15 09:21:19          2       43.2       86.4     1010.4      129.6
2024/03/15 09:21:44          3       38.8       77.6      984.8      155.2
2024/03/15 09:22:12          4       36.6       73.3      956.8      183.2
2024/03/15 09:22:38          5       34.7       69.5      931.6      208.4
2024/03/15 09:23:02          6       33.2       66.5      907.4      232.6
2024/03/15 09:23:27          7       32.2       64.4      882.4      257.6
2024/03/15 09:23:53          8       31.5       63.0      856.4      283.6
2024/03/15 09:24:18          9       27.1       54.1      831.3      308.7
2024/03/15 09:24:44         10       25.8       51.6      805.2      334.8
2024/03/15 09:25:13         11       26.0       52.0      776.4      363.6
2024/03/15 09:25:38         12       26.0       52.0      750.9      389.1
2024/03/15 09:26:04         13       25.8       51.6      724.7      415.3
2024/03/15 09:26:31         14       25.9       51.9      698.1      441.9
2024/03/15 09:26:57         15       26.1       52.3      672.3      467.7
2024/03/15 09:27:25         16       26.5       53.0      644.0      496.0
2024/03/15 09:27:50         17       26.3       52.7      619.4      520.6
2024/03/15 09:28:17         18       26.5       53.1      592.6      547.4
2024/03/15 09:28:41         19       26.4       52.8      567.7      572.3
2024/03/15 09:29:06         20       26.0       51.9      542.8      597.2
2024/03/15 09:29:33         21       26.1       52.1      516.2      623.8
2024/03/15 09:30:00         22       26.2       52.3      489.2      650.8
2024/03/15 09:30:25         23       26.0       52.1      463.7      676.3
