[vibes.run]    run relaxation workflow with settings from relaxation.in

[relaxation]   ** /mnt/lustre/a2fs-work2/work/e05/e05/prakaya/chalcogenide_perovskites/redo/ternary/Ba5Zr4S13_I4_mmm_vibes_relax/relaxation/trajectory.son does not exist, nothing to prepare
[calculator]   Update aims k_grid with kpt density of 5 to [8, 8, 2]
[calculator]   .. add `sc_accuracy_rho: 1e-06` to parameters (default)
[calculator]   .. add `relativistic: atomic_zora scalar` to parameters (default)
[calculator]   .. add `output_level: MD_light` to parameters (default)
[calculator]   Add basisset `tight` for atom `Ba` to basissets folder.
[calculator]   Add basisset `tight` for atom `Zr` to basissets folder.
[calculator]   Add basisset `tight` for atom `S` to basissets folder.
[calculator]   Calculator: aims
[calculator]   settings:
[calculator]     xc: pbesol
[calculator]     k_grid: [8, 8, 2]
[calculator]     sc_accuracy_rho: 1e-06
[calculator]     relativistic: atomic_zora scalar
[calculator]     output_level: MD_light
[calculator]     compute_forces: True
[calculator]     compute_analytical_stress: True
[calculator]     aims_command: /work/e05/e05/prakaya/chalcogenide_perovskites/run_aims.sh
[calculator]     species_dir: /mnt/lustre/a2fs-work2/work/e05/e05/prakaya/chalcogenide_perovskites/redo/ternary/Ba5Zr4S13_I4_mmm_vibes_relax/relaxation/basissets
[relaxation]   filter settings:
[relaxation]     hydrostatic_strain: False
[relaxation]     constant_volume: False
[relaxation]     scalar_pressure: 0.0
[relaxation]     mask: None
[relaxation]   driver: BFGS
[relaxation]   settings:
[relaxation]     type: optimization
[relaxation]     optimizer: BFGS
[relaxation]     maxstep: 0.2
[socketio]     Socketio not used with calculator aims
[relaxation]   filter settings:
[relaxation]     hydrostatic_strain: False
[relaxation]     constant_volume: False
[relaxation]     scalar_pressure: 0.0
[relaxation]     mask: None
[relaxation]   Start step 0
[relaxation]   Step 0 finished.
[relaxation]   .. residual force:  183.989 meV/AA
[relaxation]   .. residual stress: 13495.917 meV/AA**3
[vibes]        .. Space group:     I4/mmm (139)
[relaxation]   clean atoms before logging
[relaxation]   .. log
* Message from file vibes/helpers/watchdogs.py, line 164, function __call__:
--> Watchdog: running out of time!

[relaxation]   restart
[restart]      Restart task with sbatch submit.sh
Submitted batch job 5851171
[vibes.run]    run relaxation workflow with settings from relaxation.in

[relaxation]   Resume relaxation from  /mnt/lustre/a2fs-work2/work/e05/e05/prakaya/chalcogenide_perovskites/redo/ternary/Ba5Zr4S13_I4_mmm_vibes_relax/relaxation/trajectory.son
[calculator]   Update aims k_grid with kpt density of 5 to [8, 8, 2]
[calculator]   .. add `sc_accuracy_rho: 1e-06` to parameters (default)
[calculator]   .. add `relativistic: atomic_zora scalar` to parameters (default)
[calculator]   .. add `output_level: MD_light` to parameters (default)
[calculator]   Add basisset `tight` for atom `Ba` to basissets folder.
[calculator]   Add basisset `tight` for atom `Zr` to basissets folder.
[calculator]   Add basisset `tight` for atom `S` to basissets folder.
[calculator]   Calculator: aims
[calculator]   settings:
[calculator]     xc: pbesol
[calculator]     k_grid: [8, 8, 2]
[calculator]     sc_accuracy_rho: 1e-06
[calculator]     relativistic: atomic_zora scalar
[calculator]     output_level: MD_light
[calculator]     compute_forces: True
[calculator]     compute_analytical_stress: True
[calculator]     aims_command: /work/e05/e05/prakaya/chalcogenide_perovskites/run_aims.sh
[calculator]     species_dir: /mnt/lustre/a2fs-work2/work/e05/e05/prakaya/chalcogenide_perovskites/redo/ternary/Ba5Zr4S13_I4_mmm_vibes_relax/relaxation/basissets
[relaxation]   filter settings:
[relaxation]     hydrostatic_strain: False
[relaxation]     constant_volume: False
[relaxation]     scalar_pressure: 0.0
[relaxation]     mask: None
[relaxation]   driver: BFGS
[relaxation]   settings:
[relaxation]     type: optimization
[relaxation]     optimizer: BFGS
[relaxation]     maxstep: 0.2
[socketio]     Socketio not used with calculator aims
[relaxation]   filter settings:
[relaxation]     hydrostatic_strain: False
[relaxation]     constant_volume: False
[relaxation]     scalar_pressure: 0.0
[relaxation]     mask: None
[vibes.run]    run relaxation workflow with settings from relaxation.in

[relaxation]   ** /mnt/lustre/a2fs-work2/work/e05/e05/prakaya/chalcogenide_perovskites/redo/ternary/Ba5Zr4S13_I4_mmm_vibes_relax/relaxation/trajectory.son does not exist, nothing to prepare
[calculator]   Update aims k_grid with kpt density of 5 to [8, 8, 2]
[calculator]   .. add `sc_accuracy_rho: 1e-06` to parameters (default)
[calculator]   .. add `relativistic: atomic_zora scalar` to parameters (default)
[calculator]   .. add `output_level: MD_light` to parameters (default)
[calculator]   Add basisset `light` for atom `Ba` to basissets folder.
[calculator]   Add basisset `light` for atom `Zr` to basissets folder.
[calculator]   Add basisset `light` for atom `S` to basissets folder.
[calculator]   Calculator: aims
[calculator]   settings:
[calculator]     xc: pbesol
[calculator]     k_grid: [8, 8, 2]
[calculator]     sc_accuracy_rho: 1e-06
[calculator]     relativistic: atomic_zora scalar
[calculator]     output_level: MD_light
[calculator]     compute_forces: True
[calculator]     compute_analytical_stress: True
[calculator]     aims_command: /work/e05/e05/prakaya/chalcogenide_perovskites/run_aims.sh
[calculator]     species_dir: /mnt/lustre/a2fs-work2/work/e05/e05/prakaya/chalcogenide_perovskites/redo/ternary/Ba5Zr4S13_I4_mmm_vibes_relax/relaxation/basissets
[relaxation]   filter settings:
[relaxation]     hydrostatic_strain: False
[relaxation]     constant_volume: False
[relaxation]     scalar_pressure: 0.0
[relaxation]     mask: None
[relaxation]   driver: BFGS
[relaxation]   settings:
[relaxation]     type: optimization
[relaxation]     optimizer: BFGS
[relaxation]     maxstep: 0.2
[socketio]     Socketio not used with calculator aims
[relaxation]   filter settings:
[relaxation]     hydrostatic_strain: False
[relaxation]     constant_volume: False
[relaxation]     scalar_pressure: 0.0
[relaxation]     mask: None
[relaxation]   Start step 0
[relaxation]   Step 0 finished.
[relaxation]   .. residual force:  176.787 meV/AA
[relaxation]   .. residual stress: 9888.775 meV/AA**3
[vibes]        .. Space group:     I4/mmm (139)
[relaxation]   clean atoms before logging
[relaxation]   .. log
[relaxation]   Step 1 finished.
[relaxation]   .. residual force:  4698.796 meV/AA
[relaxation]   .. residual stress: 312181.973 meV/AA**3
[vibes]        .. Space group:     I4/mmm (139)
[relaxation]   clean atoms before logging
[relaxation]   .. log
[relaxation]   Step 2 finished.
[relaxation]   .. residual force:  161.535 meV/AA
[relaxation]   .. residual stress: 6099.171 meV/AA**3
[vibes]        .. Space group:     I4/mmm (139)
[relaxation]   clean atoms before logging
[relaxation]   .. log
[relaxation]   Step 3 finished.
[relaxation]   .. residual force:  924.066 meV/AA
[relaxation]   .. residual stress: 33353.123 meV/AA**3
[vibes]        .. Space group:     I4/mmm (139)
[relaxation]   clean atoms before logging
[relaxation]   .. log
[relaxation]   Step 4 finished.
[relaxation]   .. residual force:  203.193 meV/AA
[relaxation]   .. residual stress: 1419.082 meV/AA**3
[vibes]        .. Space group:     I4/mmm (139)
[relaxation]   clean atoms before logging
[relaxation]   .. log
[relaxation]   Step 5 finished.
[relaxation]   .. residual force:  185.553 meV/AA
[relaxation]   .. residual stress: 409.310 meV/AA**3
[vibes]        .. Space group:     I4/mmm (139)
[relaxation]   clean atoms before logging
[relaxation]   .. log
[relaxation]   Step 6 finished.
[relaxation]   .. residual force:  104.970 meV/AA
[relaxation]   .. residual stress: 1344.948 meV/AA**3
[vibes]        .. Space group:     I4/mmm (139)
[relaxation]   clean atoms before logging
[relaxation]   .. log
[relaxation]   Step 7 finished.
[relaxation]   .. residual force:  122.272 meV/AA
[relaxation]   .. residual stress: 1417.157 meV/AA**3
[vibes]        .. Space group:     I4/mmm (139)
[relaxation]   clean atoms before logging
[relaxation]   .. log
[relaxation]   Step 8 finished.
[relaxation]   .. residual force:  123.156 meV/AA
[relaxation]   .. residual stress: 602.699 meV/AA**3
[vibes]        .. Space group:     I4/mmm (139)
[relaxation]   clean atoms before logging
[relaxation]   .. log
[relaxation]   Step 9 finished.
[relaxation]   .. residual force:  92.494 meV/AA
[relaxation]   .. residual stress: 124.021 meV/AA**3
[vibes]        .. Space group:     I4/mmm (139)
[relaxation]   clean atoms before logging
[relaxation]   .. log
[relaxation]   Step 10 finished.
[relaxation]   .. residual force:  64.454 meV/AA
[relaxation]   .. residual stress: 627.480 meV/AA**3
[vibes]        .. Space group:     I4/mmm (139)
[relaxation]   clean atoms before logging
[relaxation]   .. log
* Message from file vibes/helpers/watchdogs.py, line 164, function __call__:
--> Watchdog: running out of time!

[relaxation]   restart
[restart]      Restart task with sbatch submit.sh
Submitted batch job 5851445
[vibes.run]    run relaxation workflow with settings from relaxation.in

[relaxation]   Resume relaxation from  /mnt/lustre/a2fs-work2/work/e05/e05/prakaya/chalcogenide_perovskites/redo/ternary/Ba5Zr4S13_I4_mmm_vibes_relax/relaxation/trajectory.son
[calculator]   Update aims k_grid with kpt density of 5 to [8, 8, 2]
[calculator]   .. add `sc_accuracy_rho: 1e-06` to parameters (default)
[calculator]   .. add `relativistic: atomic_zora scalar` to parameters (default)
[calculator]   .. add `output_level: MD_light` to parameters (default)
[calculator]   Add basisset `light` for atom `Ba` to basissets folder.
[calculator]   Add basisset `light` for atom `Zr` to basissets folder.
[calculator]   Add basisset `light` for atom `S` to basissets folder.
[calculator]   Calculator: aims
[calculator]   settings:
[calculator]     xc: pbesol
[calculator]     k_grid: [8, 8, 2]
[calculator]     sc_accuracy_rho: 1e-06
[calculator]     relativistic: atomic_zora scalar
[calculator]     output_level: MD_light
[calculator]     compute_forces: True
[calculator]     compute_analytical_stress: True
[calculator]     aims_command: /work/e05/e05/prakaya/chalcogenide_perovskites/run_aims.sh
[calculator]     species_dir: /mnt/lustre/a2fs-work2/work/e05/e05/prakaya/chalcogenide_perovskites/redo/ternary/Ba5Zr4S13_I4_mmm_vibes_relax/relaxation/basissets
[relaxation]   filter settings:
[relaxation]     hydrostatic_strain: False
[relaxation]     constant_volume: False
[relaxation]     scalar_pressure: 0.0
[relaxation]     mask: None
[relaxation]   driver: BFGS
[relaxation]   settings:
[relaxation]     type: optimization
[relaxation]     optimizer: BFGS
[relaxation]     maxstep: 0.2
[socketio]     Socketio not used with calculator aims
[relaxation]   filter settings:
[relaxation]     hydrostatic_strain: False
[relaxation]     constant_volume: False
[relaxation]     scalar_pressure: 0.0
[relaxation]     mask: None
[relaxation]   Restart optimizer from bfgs.restart.
[relaxation]   Start step 0
[relaxation]   Step 0 finished.
[relaxation]   .. residual force:  65.076 meV/AA
[relaxation]   .. residual stress: 627.480 meV/AA**3
[vibes]        .. Space group:     I4/mmm (139)
[relaxation]   clean atoms before logging
[relaxation]   .. log
[relaxation]   Step 1 finished.
[relaxation]   .. residual force:  248.037 meV/AA
[relaxation]   .. residual stress: 6379.528 meV/AA**3
[vibes]        .. Space group:     I4/mmm (139)
[relaxation]   clean atoms before logging
[relaxation]   .. log
[relaxation]   Step 2 finished.
[relaxation]   .. residual force:  43.540 meV/AA
[relaxation]   .. residual stress: 582.186 meV/AA**3
[vibes]        .. Space group:     I4/mmm (139)
[relaxation]   clean atoms before logging
[relaxation]   .. log
[relaxation]   Step 3 finished.
[relaxation]   .. residual force:  31.216 meV/AA
[relaxation]   .. residual stress: 353.582 meV/AA**3
[vibes]        .. Space group:     I4/mmm (139)
[relaxation]   clean atoms before logging
[relaxation]   .. log
[relaxation]   Step 4 finished.
[relaxation]   .. residual force:  24.643 meV/AA
[relaxation]   .. residual stress: 227.733 meV/AA**3
[vibes]        .. Space group:     I4/mmm (139)
[relaxation]   clean atoms before logging
[relaxation]   .. log
[relaxation]   Step 5 finished.
[relaxation]   .. residual force:  21.965 meV/AA
[relaxation]   .. residual stress: 246.763 meV/AA**3
[vibes]        .. Space group:     I4/mmm (139)
[relaxation]   clean atoms before logging
[relaxation]   .. log
[relaxation]   Step 6 finished.
[relaxation]   .. residual force:  23.272 meV/AA
[relaxation]   .. residual stress: 114.962 meV/AA**3
[vibes]        .. Space group:     I4/mmm (139)
[relaxation]   clean atoms before logging
[relaxation]   .. log
[relaxation]   Step 7 finished.
[relaxation]   .. residual force:  19.442 meV/AA
[relaxation]   .. residual stress: 21.654 meV/AA**3
[vibes]        .. Space group:     I4/mmm (139)
[relaxation]   clean atoms before logging
[relaxation]   .. log
[relaxation]   Step 8 finished.
[relaxation]   .. residual force:  11.484 meV/AA
[relaxation]   .. residual stress: 66.815 meV/AA**3
[vibes]        .. Space group:     I4/mmm (139)
[relaxation]   clean atoms before logging
[relaxation]   .. log
[relaxation]   Step 9 finished.
[relaxation]   .. residual force:  10.497 meV/AA
[relaxation]   .. residual stress: 67.265 meV/AA**3
[vibes]        .. Space group:     I4/mmm (139)
[relaxation]   clean atoms before logging
[relaxation]   .. log
[relaxation]   Step 10 finished.
[relaxation]   .. residual force:  8.184 meV/AA
[relaxation]   .. residual stress: 31.353 meV/AA**3
[vibes]        .. Space group:     I4/mmm (139)
[relaxation]   clean atoms before logging
[relaxation]   .. log
[relaxation]   Step 11 finished.
[relaxation]   .. residual force:  9.155 meV/AA
[relaxation]   .. residual stress: 11.221 meV/AA**3
[vibes]        .. Space group:     I4/mmm (139)
[relaxation]   clean atoms before logging
[relaxation]   .. log
[relaxation]   Step 12 finished.
[relaxation]   .. residual force:  6.867 meV/AA
[relaxation]   .. residual stress: 38.800 meV/AA**3
[vibes]        .. Space group:     I4/mmm (139)
[relaxation]   clean atoms before logging
[relaxation]   .. log
* Message from file vibes/helpers/watchdogs.py, line 164, function __call__:
--> Watchdog: running out of time!

[relaxation]   restart
[restart]      Restart task with sbatch submit.sh
Submitted batch job 5851484
[vibes.run]    run relaxation workflow with settings from relaxation.in

[relaxation]   Resume relaxation from  /mnt/lustre/a2fs-work2/work/e05/e05/prakaya/chalcogenide_perovskites/redo/ternary/Ba5Zr4S13_I4_mmm_vibes_relax/relaxation/trajectory.son
[calculator]   Update aims k_grid with kpt density of 5 to [8, 8, 2]
[calculator]   .. add `sc_accuracy_rho: 1e-06` to parameters (default)
[calculator]   .. add `relativistic: atomic_zora scalar` to parameters (default)
[calculator]   .. add `output_level: MD_light` to parameters (default)
[calculator]   Add basisset `light` for atom `Ba` to basissets folder.
[calculator]   Add basisset `light` for atom `Zr` to basissets folder.
[calculator]   Add basisset `light` for atom `S` to basissets folder.
[calculator]   Calculator: aims
[calculator]   settings:
[calculator]     xc: pbesol
[calculator]     k_grid: [8, 8, 2]
[calculator]     sc_accuracy_rho: 1e-06
[calculator]     relativistic: atomic_zora scalar
[calculator]     output_level: MD_light
[calculator]     compute_forces: True
[calculator]     compute_analytical_stress: True
[calculator]     aims_command: /work/e05/e05/prakaya/chalcogenide_perovskites/run_aims.sh
[calculator]     species_dir: /mnt/lustre/a2fs-work2/work/e05/e05/prakaya/chalcogenide_perovskites/redo/ternary/Ba5Zr4S13_I4_mmm_vibes_relax/relaxation/basissets
[relaxation]   filter settings:
[relaxation]     hydrostatic_strain: False
[relaxation]     constant_volume: False
[relaxation]     scalar_pressure: 0.0
[relaxation]     mask: None
[relaxation]   driver: BFGS
[relaxation]   settings:
[relaxation]     type: optimization
[relaxation]     optimizer: BFGS
[relaxation]     maxstep: 0.2
[socketio]     Socketio not used with calculator aims
[relaxation]   filter settings:
[relaxation]     hydrostatic_strain: False
[relaxation]     constant_volume: False
[relaxation]     scalar_pressure: 0.0
[relaxation]     mask: None
[relaxation]   Restart optimizer from bfgs.restart.
[relaxation]   Start step 0
[relaxation]   Step 0 finished.
[relaxation]   .. residual force:  6.870 meV/AA
[relaxation]   .. residual stress: 38.800 meV/AA**3
[vibes]        .. Space group:     I4/mmm (139)
[relaxation]   clean atoms before logging
[relaxation]   .. log
[relaxation]   Step 1 finished.
[relaxation]   .. residual force:  15.814 meV/AA
[relaxation]   .. residual stress: 241.379 meV/AA**3
[vibes]        .. Space group:     I4/mmm (139)
[relaxation]   clean atoms before logging
[relaxation]   .. log
[relaxation]   Step 2 finished.
[relaxation]   .. residual force:  1.827 meV/AA
[relaxation]   .. residual stress: 5.835 meV/AA**3
[vibes]        .. Space group:     I4/mmm (139)
[relaxation]   clean atoms before logging
[relaxation]   .. log
[relaxation]   Step 3 finished.
[relaxation]   .. residual force:  1.289 meV/AA
[relaxation]   .. residual stress: 4.253 meV/AA**3
[vibes]        .. Space group:     I4/mmm (139)
[relaxation]   clean atoms before logging
[relaxation]   .. log
[relaxation]   Step 4 finished.
[relaxation]   .. residual force:  1.295 meV/AA
[relaxation]   .. residual stress: 0.191 meV/AA**3
[vibes]        .. Space group:     I4/mmm (139)
[relaxation]   clean atoms before logging
[relaxation]   .. log
[relaxation]   Step 5 finished.
[relaxation]   .. residual force:  1.270 meV/AA
[relaxation]   .. residual stress: 1.593 meV/AA**3
[vibes]        .. Space group:     I4/mmm (139)
[relaxation]   clean atoms before logging
[relaxation]   .. log
[relaxation]   Step 6 finished.
[relaxation]   .. residual force:  1.008 meV/AA
[relaxation]   .. residual stress: 3.737 meV/AA**3
[vibes]        .. Space group:     I4/mmm (139)
[relaxation]   clean atoms before logging
[relaxation]   .. log
[relaxation]   Step 7 finished.
[relaxation]   .. residual force:  0.703 meV/AA
[relaxation]   .. residual stress: 3.512 meV/AA**3
[vibes]        .. Space group:     I4/mmm (139)
[relaxation]   clean atoms before logging
[relaxation]   .. log
[relaxation]   Step 8 finished.
[relaxation]   .. residual force:  0.709 meV/AA
[relaxation]   .. residual stress: 2.289 meV/AA**3
[vibes]        .. Space group:     I4/mmm (139)
[relaxation]   clean atoms before logging
[relaxation]   .. log
[relaxation]   Step 9 finished.
[relaxation]   .. residual force:  0.857 meV/AA
[relaxation]   .. residual stress: 1.021 meV/AA**3
[vibes]        .. Space group:     I4/mmm (139)
[relaxation]   clean atoms before logging
[relaxation]   .. log
[relaxation]   Step 10 finished.
[relaxation]   .. residual force:  0.852 meV/AA
[relaxation]   .. residual stress: 0.785 meV/AA**3
[vibes]        .. Space group:     I4/mmm (139)
[relaxation]   clean atoms before logging
[relaxation]   .. log
[relaxation]   Relaxation converged.
[relaxation]   done.
